Mon Jul  6 17:58:22 2009 [8936][1][FATAL] HTTP Error: no data present after HTTP headers
Mon Jul  6 17:58:22 2009 [8936][1][FATAL] HTTP/1.1 100 Continue

HTTP/1.0 500 Internal Server Error
Date: Mon, 06 Jul 2009 12:36:28 GMT
Server: Apache/2.2.3 (CentOS)
Set-Cookie: PHPSESSID=8go3a1gmg2rgf3a2t6nj2cr223; path=/
Expires: Thu, 19 Nov 1981 08:52:00 GMT
Cache-Control: no-store, no-cache, must-revalidate, post-check=0, pre-check=0
Pragma: no-cache
Content-Length: 0
Connection: close
Content-Type: text/html; charset=UTF-8


Mon Jul  6 17:58:23 2009 [8936][1][FATAL] HTTP Error: no data present after HTTP headers
Mon Jul  6 17:58:23 2009 [8936][1][FATAL] HTTP/1.0 500 Internal Server Error
Date: Mon, 06 Jul 2009 12:36:30 GMT
Server: Apache/2.2.3 (CentOS)
Set-Cookie: PHPSESSID=vo29ifhbn8onjqjq461409llg1; path=/
Expires: Thu, 19 Nov 1981 08:52:00 GMT
Cache-Control: no-store, no-cache, must-revalidate, post-check=0, pre-check=0
Pragma: no-cache
Content-Length: 0
Connection: close
Content-Type: text/html; charset=UTF-8


Fri Jul 10 15:47:43 2009 [4794][-none-][FATAL] SECURITY: User authentication for neha failed
Fri Jul 10 15:47:43 2009 [4794][-none-][FATAL] FAILED LOGIN:attempts[1] - neha
Mon Jul 13 12:31:41 2009 [8202][-none-][FATAL] SECURITY: User authentication for test1 failed
Mon Jul 13 12:31:41 2009 [8202][-none-][FATAL] FAILED LOGIN:attempts[1] - test1
Mon Jul 20 09:55:14 2009 [4134][-none-][FATAL] SECURITY: User authentication for test1 failed
Mon Jul 20 09:55:14 2009 [4134][-none-][FATAL] FAILED LOGIN:attempts[1] - test1
Mon Jul 20 09:55:20 2009 [4127][-none-][FATAL] SECURITY: User authentication for test1 failed
Mon Jul 20 09:55:20 2009 [4127][-none-][FATAL] FAILED LOGIN:attempts[1] - test1
Mon Jul 20 10:09:27 2009 [4127][-none-][FATAL] SECURITY: User authentication for arpita failed
Mon Jul 20 10:09:27 2009 [4127][-none-][FATAL] FAILED LOGIN:attempts[1] - arpita
Mon Jul 20 10:09:32 2009 [4133][-none-][FATAL] SECURITY: User authentication for arpita failed
Mon Jul 20 10:09:32 2009 [4133][-none-][FATAL] FAILED LOGIN:attempts[1] - arpita
Mon Jul 20 10:09:36 2009 [4132][-none-][FATAL] SECURITY: User authentication for arpita failed
Mon Jul 20 10:09:36 2009 [4132][-none-][FATAL] FAILED LOGIN:attempts[1] - arpita
Mon Jul 20 14:28:25 2009 [7772][-none-][FATAL] SECURITY: User authentication for exe3 failed
Mon Jul 20 14:28:25 2009 [7772][-none-][FATAL] FAILED LOGIN:attempts[1] - exe3
Thu Aug 13 16:35:11 2009 [4073][1][FATAL] SUGAREMAILADDRESS: address did not validate [ guptarain ]
Thu Aug 13 16:35:11 2009 [4073][1][FATAL] SUGAREMAILADDRESS: address did not validate [ guptarain ]
Thu Aug 13 16:35:33 2009 [4071][1][FATAL] SUGAREMAILADDRESS: address did not validate [ sfdfsfs ]
Thu Aug 13 16:35:33 2009 [4071][1][FATAL] SUGAREMAILADDRESS: address did not validate [ sfdfsfs ]
Thu Aug 13 17:28:26 2009 [4070][1][FATAL] SUGAREMAILADDRESS: address did not validate [ fdsfdsf ]
Thu Aug 13 17:28:26 2009 [4070][1][FATAL] SUGAREMAILADDRESS: address did not validate [ fdsfdsf ]
Tue Aug 18 12:13:02 2009 [4150][1][FATAL] MySQL error 2006: MySQL server has gone away
Tue Aug 18 12:13:02 2009 [4149][-none-][FATAL] MySQL error 2006: MySQL server has gone away
Wed Aug 26 15:50:33 2009 [4097][-none-][FATAL] SECURITY: User authentication for exe1 failed
Wed Aug 26 15:50:33 2009 [4097][-none-][FATAL] FAILED LOGIN:attempts[1] - exe1
Wed Aug 26 16:14:37 2009 [13080][582d5833-ad13-518b-ee75-4a63f906b8be][FATAL] MySQL error 2006: MySQL server has gone away
Wed Aug 26 17:53:04 2009 [24411][-none-][FATAL] SECURITY: User authentication for exe1 failed
Wed Aug 26 17:53:04 2009 [24411][-none-][FATAL] FAILED LOGIN:attempts[1] - exe1
Tue Sep  1 09:58:34 2009 [3987][-none-][FATAL] SECURITY: User authentication for exe1 failed
Tue Sep  1 09:58:34 2009 [3987][-none-][FATAL] FAILED LOGIN:attempts[1] - exe1
Thu Sep  3 16:34:25 2009 [3917][-none-][FATAL] SECURITY: User authentication for admin failed
Thu Sep  3 16:34:25 2009 [3917][-none-][FATAL] FAILED LOGIN:attempts[1] - admin
Fri Sep  4 11:57:40 2009 [3509][-none-][FATAL] SECURITY: User authentication for exe1 failed
Fri Sep  4 11:57:40 2009 [3509][-none-][FATAL] FAILED LOGIN:attempts[1] - exe1
Mon Sep  7 11:00:56 2009 [5478][582d5833-ad13-518b-ee75-4a63f906b8be][FATAL] SUGAREMAILADDRESS: address did not validate [ sad....@example.com ]
Mon Sep  7 11:00:57 2009 [5478][582d5833-ad13-518b-ee75-4a63f906b8be][FATAL] SUGAREMAILADDRESS: address did not validate [ sad....@example.com ]
Tue Sep  8 10:23:13 2009 [3339][6e67b699-72de-e4ba-4865-4aa4ec57d4a0][FATAL] SUGAREMAILADDRESS: address did not validate [ test1...@test.com ]
Tue Sep  8 10:23:13 2009 [3339][6e67b699-72de-e4ba-4865-4aa4ec57d4a0][FATAL] SUGAREMAILADDRESS: address did not validate [ test1...@test.com ]
Tue Sep  8 10:24:36 2009 [3340][6e67b699-72de-e4ba-4865-4aa4ec57d4a0][FATAL] SUGAREMAILADDRESS: address did not validate [ test1...@test.com ]
Tue Sep  8 10:24:37 2009 [3340][6e67b699-72de-e4ba-4865-4aa4ec57d4a0][FATAL] SUGAREMAILADDRESS: address did not validate [ test1...@test.com ]
Tue Sep  8 10:30:27 2009 [3344][6e67b699-72de-e4ba-4865-4aa4ec57d4a0][FATAL] SUGAREMAILADDRESS: address did not validate [ test1...@test.com ]
Tue Sep  8 10:30:27 2009 [3344][6e67b699-72de-e4ba-4865-4aa4ec57d4a0][FATAL] SUGAREMAILADDRESS: address did not validate [ test1...@test.com ]
Tue Sep  8 10:30:47 2009 [5933][6e67b699-72de-e4ba-4865-4aa4ec57d4a0][FATAL] SUGAREMAILADDRESS: address did not validate [ test1...@test.com ]
Tue Sep  8 10:30:47 2009 [5933][6e67b699-72de-e4ba-4865-4aa4ec57d4a0][FATAL] SUGAREMAILADDRESS: address did not validate [ test1...@test.com ]
Wed Sep  9 13:01:52 2009 [3352][1][FATAL] MySQL error 2006: MySQL server has gone away
Fri Sep 11 19:23:54 2009 [3450][1][FATAL] MySQL error 1064: You have an error in your SQL syntax; check the manual that corresponds to your MySQL server version for the right syntax to use near ' account_id=, opportunity_id= where  id='70c592d4-79ef-374d-a9c9-4a97d0ea577d' a' at line 1
Fri Sep 11 19:27:25 2009 [3446][1][FATAL] MySQL error 1054: Unknown column 'leads_cstm.id' in 'where clause'
Fri Sep 11 20:09:19 2009 [3449][1][FATAL] MySQL error 1054: Unknown column 'deleted' in 'where clause'
Tue Sep 15 17:40:08 2009 [3315][582d5833-ad13-518b-ee75-4a63f906b8be][FATAL] MySQL error 2006: MySQL server has gone away
Mon Oct  5 11:41:17 2009 [3324][87008907-bc83-f83e-64bb-4a656889826f][FATAL] MySQL error 1064: You have an error in your SQL syntax; check the manual that corresponds to your MySQL server version for the right syntax to use near ' account_id=, opportunity_id= where  id='af911364-ce45-6c18-17f7-4ac986d0f3f8' a' at line 1
Tue Jul 27 15:22:59 2010 [6703][-none-][FATAL] SECURITY: User authentication for exe1 failed
Tue Jul 27 15:22:59 2010 [6703][-none-][FATAL] FAILED LOGIN:attempts[1] - exe1
Tue Jul 27 15:23:06 2010 [6699][-none-][FATAL] SECURITY: User authentication for exec1 failed
Tue Jul 27 15:23:06 2010 [6699][-none-][FATAL] FAILED LOGIN:attempts[1] - exec1
Tue Jul 27 15:23:15 2010 [6705][-none-][FATAL] SECURITY: User authentication for exe1 failed
Tue Jul 27 15:23:15 2010 [6705][-none-][FATAL] FAILED LOGIN:attempts[1] - exe1
Tue Jul 27 15:23:35 2010 [6703][-none-][FATAL] SECURITY: User authentication for exc1 failed
Tue Jul 27 15:23:35 2010 [6703][-none-][FATAL] FAILED LOGIN:attempts[1] - exc1
Tue Jul 27 15:24:24 2010 [6699][-none-][FATAL] SECURITY: User authentication for achin failed
Tue Jul 27 15:24:24 2010 [6699][-none-][FATAL] FAILED LOGIN:attempts[1] - achin
Tue Jul 27 15:25:07 2010 [7860][-none-][FATAL] SECURITY: User authentication for manager1 failed
Tue Jul 27 15:25:07 2010 [7860][-none-][FATAL] FAILED LOGIN:attempts[1] - manager1
Tue Jul 27 15:26:21 2010 [6698][-none-][FATAL] SECURITY: User authentication for sanjeev.kumar failed
Tue Jul 27 15:26:21 2010 [6698][-none-][FATAL] FAILED LOGIN:attempts[1] - sanjeev.kumar
Tue Jul 27 16:20:14 2010 [6700][-none-][FATAL] SECURITY: User authentication for jaiswal failed
Tue Jul 27 16:20:14 2010 [6700][-none-][FATAL] FAILED LOGIN:attempts[1] - jaiswal
Tue Jul 27 16:38:40 2010 [8154][-none-][FATAL] SECURITY: User authentication for admin failed
Tue Jul 27 16:38:40 2010 [8154][-none-][FATAL] FAILED LOGIN:attempts[1] - admin
